<?xml version="1.0" encoding="UTF-8"?>
<testsuite name="test suite"
           tests="6"
           failures="0"
           errors="0"
           skipped="6"
           time="0.000">
    <properties></properties>


            <testcase
                name="quitBrowser"
                time="0.0"
                classname="org.mikehenze.alexnova.testcases.RegistrationTests">
            </testcase>
            <testcase
                name="TC0004_registration_mandatory_fields_test"
                time="0.0"
                classname="org.mikehenze.alexnova.testcases.RegistrationTests">
            </testcase>
            <testcase
                name="TC0002_register_user_test"
                time="0.0"
                classname="org.mikehenze.alexnova.testcases.RegistrationTests">
            </testcase>
            <testcase
                name="TC0003_email_validation_error_test"
                time="0.0"
                classname="org.mikehenze.alexnova.testcases.RegistrationTests">
            </testcase>
            <testcase
                name="TC0001_register_page_test"
                time="0.0"
                classname="org.mikehenze.alexnova.testcases.RegistrationTests">
            </testcase>
            <testcase
                name="TC0005_password_requirements_test"
                time="0.0"
                classname="org.mikehenze.alexnova.testcases.RegistrationTests">
            </testcase>

</testsuite>
