<?xml version="1.0" encoding="UTF-8"?>
<testsuite name="test suite"
           tests="14"
           failures="1"
           errors="0"
           skipped="13"
           time="13.080">
    <properties></properties>

            <testcase
                name="launchBrowser"
                time="13.080"
                classname="org.mikehenze.alexnova.testcases.CheckoutTests">

            <failure type="org.openqa.selenium.WebDriverException" message="unknown error: unhandled inspector error: {&quot;code&quot;:-32000,&quot;message&quot;:&quot;No target with given id&quot;}
  (Session info: chrome=102.0.5005.115)
Build info: version: &apos;4.0.0&apos;, revision: &apos;3a21814679&apos;
System info: host: &apos;MacBook-Air.local&apos;, ip: &apos;2601:282:4200:f410:0:0:0:bc26%en0&apos;, os.name: &apos;Mac OS X&apos;, os.arch: &apos;x86_64&apos;, os.version: &apos;10.16&apos;, java.version: &apos;1.8.0_202&apos;
Driver info: org.openqa.selenium.chrome.ChromeDriver
Command: [d7bc0c4eb02b334c288e180409ab4b84, maximizeCurrentWindow {}]
Capabilities {acceptInsecureCerts: false, browserName: chrome, browserVersion: 102.0.5005.115, chrome: {chromedriverVersion: 101.0.4951.41 (93c720db8323..., userDataDir: /var/folders/7l/9vf35cy15ds...}, goog:chromeOptions: {debuggerAddress: localhost:52994}, javascriptEnabled: true, networkConnectionEnabled: false, pageLoadStrategy: normal, platform: MAC, platformName: MAC, proxy: Proxy(), se:cdp: ws://localhost:52994/devtoo..., se:cdpVersion: 102.0.5005.115, setWindowRect: true, strictFileInteractability: false, timeouts: {implicit: 0, pageLoad: 300000, script: 30000}, unhandledPromptBehavior: dismiss and notify, webauthn:extension:credBlob: true, webauthn:extension:largeBlob: true, webauthn:virtualAuthenticators: true}
Session ID: d7bc0c4eb02b334c288e180409ab4b84">
                <![CDATA[org.openqa.selenium.WebDriverException: unknown error: unhandled inspector error: {"code":-32000,"message":"No target with given id"}
  (Session info: chrome=102.0.5005.115)
Build info: version: '4.0.0', revision: '3a21814679'
System info: host: 'MacBook-Air.local', ip: '2601:282:4200:f410:0:0:0:bc26%en0', os.name: 'Mac OS X', os.arch: 'x86_64', os.version: '10.16', java.version: '1.8.0_202'
Driver info: org.openqa.selenium.chrome.ChromeDriver
Command: [d7bc0c4eb02b334c288e180409ab4b84, maximizeCurrentWindow {}]
Capabilities {acceptInsecureCerts: false, browserName: chrome, browserVersion: 102.0.5005.115, chrome: {chromedriverVersion: 101.0.4951.41 (93c720db8323..., userDataDir: /var/folders/7l/9vf35cy15ds...}, goog:chromeOptions: {debuggerAddress: localhost:52994}, javascriptEnabled: true, networkConnectionEnabled: false, pageLoadStrategy: normal, platform: MAC, platformName: MAC, proxy: Proxy(), se:cdp: ws://localhost:52994/devtoo..., se:cdpVersion: 102.0.5005.115, setWindowRect: true, strictFileInteractability: false, timeouts: {implicit: 0, pageLoad: 300000, script: 30000}, unhandledPromptBehavior: dismiss and notify, webauthn:extension:credBlob: true, webauthn:extension:largeBlob: true, webauthn:virtualAuthenticators: true}
Session ID: d7bc0c4eb02b334c288e180409ab4b84
                sun.reflect.NativeConstructorAccessorImpl.newInstance0(Native Method)sun.reflect.NativeConstructorAccessorImpl.newInstance(NativeConstructorAccessorImpl.java:62)sun.reflect.DelegatingConstructorAccessorImpl.newInstance(DelegatingConstructorAccessorImpl.java:45)java.lang.reflect.Constructor.newInstance(Constructor.java:423)org.openqa.selenium.remote.codec.w3c.W3CHttpResponseCodec.createException(W3CHttpResponseCodec.java:200)org.openqa.selenium.remote.codec.w3c.W3CHttpResponseCodec.decode(W3CHttpResponseCodec.java:133)org.openqa.selenium.remote.codec.w3c.W3CHttpResponseCodec.decode(W3CHttpResponseCodec.java:53)org.openqa.selenium.remote.HttpCommandExecutor.execute(HttpCommandExecutor.java:184)org.openqa.selenium.remote.service.DriverCommandExecutor.invokeExecute(DriverCommandExecutor.java:164)org.openqa.selenium.remote.service.DriverCommandExecutor.execute(DriverCommandExecutor.java:139)org.openqa.selenium.remote.RemoteWebDriver.execute(RemoteWebDriver.java:559)org.openqa.selenium.remote.RemoteWebDriver.execute(RemoteWebDriver.java:614)org.openqa.selenium.remote.RemoteWebDriver.execute(RemoteWebDriver.java:618)org.openqa.selenium.remote.RemoteWebDriver$RemoteWebDriverOptions$RemoteWindow.maximize(RemoteWebDriver.java:928)org.mikehenze.alexnova.library.SelectBrowser.StartBrowser(SelectBrowser.java:34)org.mikehenze.alexnova.testcases.LogInTests.launchBrowser(LogInTests.java:47)sun.reflect.NativeMethodAccessorImpl.invoke0(Native Method)sun.reflect.NativeMethodAccessorImpl.invoke(NativeMethodAccessorImpl.java:62)sun.reflect.DelegatingMethodAccessorImpl.invoke(DelegatingMethodAccessorImpl.java:43)java.lang.reflect.Method.invoke(Method.java:498)org.testng.internal.MethodInvocationHelper.invokeMethod(MethodInvocationHelper.java:124)org.testng.internal.MethodInvocationHelper.invokeMethodConsideringTimeout(MethodInvocationHelper.java:59)org.testng.internal.Invoker.invokeConfigurationMethod(Invoker.java:458)org.testng.internal.Invoker.invokeConfigurations(Invoker.java:222)org.testng.internal.Invoker.invokeConfigurations(Invoker.java:142)org.testng.TestRunner.beforeRun(TestRunner.java:529)org.testng.TestRunner.run(TestRunner.java:497)org.testng.SuiteRunner.runTest(SuiteRunner.java:455)org.testng.SuiteRunner.runSequentially(SuiteRunner.java:450)org.testng.SuiteRunner.privateRun(SuiteRunner.java:415)org.testng.SuiteRunner.run(SuiteRunner.java:364)org.testng.SuiteRunnerWorker.runSuite(SuiteRunnerWorker.java:52)org.testng.SuiteRunnerWorker.run(SuiteRunnerWorker.java:84)org.testng.TestNG.runSuitesSequentially(TestNG.java:1208)org.testng.TestNG.runSuitesLocally(TestNG.java:1137)org.testng.TestNG.runSuites(TestNG.java:1049)org.testng.TestNG.run(TestNG.java:1017)com.intellij.rt.testng.IDEARemoteTestNG.run(IDEARemoteTestNG.java:66)com.intellij.rt.testng.RemoteTestNGStarter.main(RemoteTestNGStarter.java:109)
]]>
            </failure>
    </testcase>

            <testcase
                name="tearDown"
                time="0.0"
                classname="org.mikehenze.alexnova.testcases.CheckoutTests">
            </testcase>
            <testcase
                name="tearDown"
                time="0.0"
                classname="org.mikehenze.alexnova.testcases.CheckoutTests">
            </testcase>
            <testcase
                name="launchBrowser"
                time="0.0"
                classname="org.mikehenze.alexnova.testcases.CheckoutTests">
            </testcase>
            <testcase
                name="tearDown"
                time="0.0"
                classname="org.mikehenze.alexnova.testcases.CheckoutTests">
            </testcase>
            <testcase
                name="tearDown"
                time="0.0"
                classname="org.mikehenze.alexnova.testcases.CheckoutTests">
            </testcase>
            <testcase
                name="launchBrowser"
                time="0.0"
                classname="org.mikehenze.alexnova.testcases.CheckoutTests">
            </testcase>
            <testcase
                name="launchBrowser"
                time="0.0"
                classname="org.mikehenze.alexnova.testcases.CheckoutTests">
            </testcase>
            <testcase
                name="tearDown"
                time="0.0"
                classname="org.mikehenze.alexnova.testcases.CheckoutTests">
            </testcase>
            <testcase
                name="quitBrowser"
                time="0.0"
                classname="org.mikehenze.alexnova.testcases.CheckoutTests">
            </testcase>
            <testcase
                name="tearDown"
                time="0.0"
                classname="org.mikehenze.alexnova.testcases.CheckoutTests">
            </testcase>
            <testcase
                name="TC0019_check_payment_page_has_pay_button_test"
                time="0.0"
                classname="org.mikehenze.alexnova.testcases.CheckoutTests">
            </testcase>
            <testcase
                name="TC0018_check_payment_validation_test"
                time="0.0"
                classname="org.mikehenze.alexnova.testcases.CheckoutTests">
            </testcase>
            <testcase
                name="TC0017_verify_payment_options_test"
                time="0.0"
                classname="org.mikehenze.alexnova.testcases.CheckoutTests">
            </testcase>

</testsuite>
