<?xml version="1.0" encoding="UTF-8"?>
<testsuite name="test suite"
           tests="2"
           failures="0"
           errors="0"
           skipped="2"
           time="0.000">
    <properties></properties>


            <testcase
                name="quitBrowser"
                time="0.0"
                classname="org.mikehenze.alexnova.testcases.GiftCardTests">
            </testcase>
            <testcase
                name="TC0016_discount_code_test"
                time="0.0"
                classname="org.mikehenze.alexnova.testcases.GiftCardTests">
            </testcase>

</testsuite>
