<?xml version="1.0" encoding="UTF-8"?>
<testsuite name="test suite"
           tests="3"
           failures="0"
           errors="0"
           skipped="3"
           time="0.000">
    <properties></properties>


            <testcase
                name="quitBrowser"
                time="0.0"
                classname="org.mikehenze.alexnova.testcases.SearchProductTests">
            </testcase>
            <testcase
                name="TC0008_correct_item_search_results_test"
                time="0.0"
                classname="org.mikehenze.alexnova.testcases.SearchProductTests">
            </testcase>
            <testcase
                name="TC0009_blank_search_result_test"
                time="0.0"
                classname="org.mikehenze.alexnova.testcases.SearchProductTests">
            </testcase>

</testsuite>
